#
# There is insufficient memory for the Java Runtime Environment to continue.
# Native memory allocation (mmap) failed to map 4294967296 bytes for Failed to commit area from 0x0000000700000000 to 0x0000000800000000 of length 4294967296.
# Possible reasons:
#   The system is out of physical RAM or swap space
#   The process is running with CompressedOops enabled, and the Java Heap may be blocking the growth of the native heap
# Possible solutions:
#   Reduce memory load on the system
#   Increase physical memory or swap space
#   Check if swap backing store is full
#   Decrease Java heap size (-Xmx/-Xms)
#   Decrease number of Java threads
#   Decrease Java thread stack sizes (-Xss)
#   Set larger code cache with -XX:ReservedCodeCacheSize=
#   JVM is running with Zero Based Compressed Oops mode in which the Java heap is
#     placed in the first 32GB address space. The Java Heap base address is the
#     maximum limit for the native heap growth. Please use -XX:HeapBaseMinAddress
#     to set the Java Heap base and to place the Java Heap above 32GB virtual address.
# This output file may be truncated or incomplete.
#
#  Out of Memory Error (t:/workspace/open/src/hotspot/os/windows/os_windows.cpp:3315), pid=17612, tid=17052
#
# JRE version:  (14.0+36) (build )
# Java VM: Java HotSpot(TM) 64-Bit Server VM (14+36-1461, mixed mode, sharing, tiered, compressed oops, g1 gc, windows-amd64)
# No core dump will be written. Minidumps are not enabled by default on client versions of Windows
#

---------------  S U M M A R Y ------------

Command Line: -javaagent:C:\Program Files\JetBrains\IntelliJ IDEA 2019.3.4\lib\idea_rt.jar=65162:C:\Program Files\JetBrains\IntelliJ IDEA 2019.3.4\bin -Dfile.encoding=UTF-8 -Xmx4G -Xms4G Client2

Host: Intel(R) Core(TM) i5-6600K CPU @ 3.50GHz, 4 cores, 7G,  Windows 10 , 64 bit Build 18362 (10.0.18362.1110)
Time: Sat Oct 24 22:29:29 2020 ora legale Europa occidentale elapsed time: 0 seconds (0d 0h 0m 0s)

---------------  T H R E A D  ---------------

Current thread (0x0000022d6d7cd800):  JavaThread "Unknown thread" [_thread_in_vm, id=17052, stack(0x000000618cf00000,0x000000618d000000)]

Stack: [0x000000618cf00000,0x000000618d000000]
Native frames: (J=compiled Java code, j=interpreted, Vv=VM code, C=native code)
V  [jvm.dll+0x5f83ea]
V  [jvm.dll+0x741e2a]
V  [jvm.dll+0x7435df]
V  [jvm.dll+0x743c23]
V  [jvm.dll+0x20d268]
V  [jvm.dll+0x5f579a]
V  [jvm.dll+0x5ea5f5]
V  [jvm.dll+0x2c7e7c]
V  [jvm.dll+0x2c7cb2]
V  [jvm.dll+0x2cdb9c]
V  [jvm.dll+0x313fd8]
V  [jvm.dll+0x313700]
V  [jvm.dll+0x2a090a]
V  [jvm.dll+0x2a1a59]
V  [jvm.dll+0x71f6f8]
V  [jvm.dll+0x321c24]
V  [jvm.dll+0x700aec]
V  [jvm.dll+0x392ddf]
V  [jvm.dll+0x394e51]
C  [jli.dll+0x523b]
C  [ucrtbase.dll+0x210b2]
C  [KERNEL32.DLL+0x17c24]
C  [ntdll.dll+0x6cea1]


---------------  P R O C E S S  ---------------

Threads class SMR info:
_java_thread_list=0x00007ffc80044078, length=0, elements={
}

Java Threads: ( => current thread )

Other Threads:
  0x0000022d6d81c000 GCTaskThread "GC Thread#0" [stack: 0x000000618d000000,0x000000618d100000] [id=16332]
  0x0000022d6d82f800 ConcurrentGCThread "G1 Main Marker" [stack: 0x000000618d100000,0x000000618d200000] [id=7580]
  0x0000022d6d831000 ConcurrentGCThread "G1 Conc#0" [stack: 0x000000618d200000,0x000000618d300000] [id=17168]

[error occurred during error reporting (printing all threads), id 0xc0000005, EXCEPTION_ACCESS_VIOLATION (0xc0000005) at pc=0x00007ffc7f871237]

VM state:not at safepoint (not fully initialized)

VM Mutex/Monitor currently owned by a thread:  ([mutex/lock_event])
[0x0000022d6d7c93c0] Heap_lock - owner thread: 0x0000022d6d7cd800

Heap address: 0x0000000700000000, size: 4096 MB, Compressed Oops mode: Zero based, Oop shift amount: 3
Narrow klass base: 0x0000000000000000, Narrow klass shift: 0

GC Heap History (0 events):
No events

Deoptimization events (0 events):
No events

Classes unloaded (0 events):
No events

Classes redefined (0 events):
No events

Internal exceptions (0 events):
No events

Events (2 events):
Event: 0.031 Loaded shared library C:\Program Files\Java\jdk-14\bin\java.dll
Event: 0.033 Loaded shared library C:\Program Files\Java\jdk-14\bin\zip.dll


Dynamic libraries:
0x00007ff6accd0000 - 0x00007ff6accdf000 	C:\Program Files\Java\jdk-14\bin\java.exe
0x00007ffd1a320000 - 0x00007ffd1a510000 	C:\WINDOWS\SYSTEM32\ntdll.dll
0x00007ffd18e70000 - 0x00007ffd18f22000 	C:\WINDOWS\System32\KERNEL32.DLL
0x00007ffd180a0000 - 0x00007ffd18345000 	C:\WINDOWS\System32\KERNELBASE.dll
0x00007ffd17ee0000 - 0x00007ffd17fda000 	C:\WINDOWS\System32\ucrtbase.dll
0x00007ffcf82f0000 - 0x00007ffcf8305000 	C:\Program Files\Java\jdk-14\bin\VCRUNTIME140.dll
0x00007ffcf82d0000 - 0x00007ffcf82e8000 	C:\Program Files\Java\jdk-14\bin\jli.dll
0x00007ffd19220000 - 0x00007ffd192c3000 	C:\WINDOWS\System32\ADVAPI32.dll
0x00007ffd18f50000 - 0x00007ffd18fee000 	C:\WINDOWS\System32\msvcrt.dll
0x00007ffd19f40000 - 0x00007ffd19fd7000 	C:\WINDOWS\System32\sechost.dll
0x00007ffd185e0000 - 0x00007ffd18700000 	C:\WINDOWS\System32\RPCRT4.dll
0x00007ffd19bf0000 - 0x00007ffd19d84000 	C:\WINDOWS\System32\USER32.dll
0x00007ffcfe5f0000 - 0x00007ffcfe874000 	C:\WINDOWS\WinSxS\amd64_microsoft.windows.common-controls_6595b64144ccf1df_6.0.18362.1139_none_9e7bf2d3e4605ac6\COMCTL32.dll
0x00007ffd19740000 - 0x00007ffd19a75000 	C:\WINDOWS\System32\combase.dll
0x00007ffd18350000 - 0x00007ffd183d0000 	C:\WINDOWS\System32\bcryptPrimitives.dll
0x00007ffd1a0b0000 - 0x00007ffd1a0d6000 	C:\WINDOWS\System32\GDI32.dll
0x0000022d6b5b0000 - 0x0000022d6b5d1000 	C:\WINDOWS\System32\win32u.dll
0x00007ffd172b0000 - 0x00007ffd17446000 	C:\WINDOWS\System32\gdi32full.dll
0x00007ffd17d40000 - 0x00007ffd17dde000 	C:\WINDOWS\System32\msvcp_win.dll
0x00007ffd130c0000 - 0x00007ffd130ca000 	C:\WINDOWS\SYSTEM32\VERSION.dll
0x00007ffd1a2b0000 - 0x00007ffd1a2de000 	C:\WINDOWS\System32\IMM32.DLL
0x00007ffcf8230000 - 0x00007ffcf82cb000 	C:\Program Files\Java\jdk-14\bin\msvcp140.dll
0x00007ffc7f5c0000 - 0x00007ffc800df000 	C:\Program Files\Java\jdk-14\bin\server\jvm.dll
0x00007ffd18f30000 - 0x00007ffd18f38000 	C:\WINDOWS\System32\PSAPI.DLL
0x00007ffcfaa50000 - 0x00007ffcfaa59000 	C:\WINDOWS\SYSTEM32\WSOCK32.dll
0x00007ffd191b0000 - 0x00007ffd1921f000 	C:\WINDOWS\System32\WS2_32.dll
0x00007ffd15230000 - 0x00007ffd15254000 	C:\WINDOWS\SYSTEM32\WINMM.dll
0x00007ffd150d0000 - 0x00007ffd150fd000 	C:\WINDOWS\SYSTEM32\WINMMBASE.dll
0x00007ffd17de0000 - 0x00007ffd17e2a000 	C:\WINDOWS\System32\cfgmgr32.dll
0x00007ffd17270000 - 0x00007ffd17281000 	C:\WINDOWS\System32\kernel.appcore.dll
0x00007ffd10ca0000 - 0x00007ffd10caa000 	C:\Program Files\Java\jdk-14\bin\jimage.dll
0x00007ffcfa2d0000 - 0x00007ffcfa4c4000 	C:\WINDOWS\SYSTEM32\DBGHELP.DLL
0x00007ffcf95e0000 - 0x00007ffcf960a000 	C:\WINDOWS\SYSTEM32\dbgcore.DLL
0x00007ffd07500000 - 0x00007ffd0750e000 	C:\Program Files\Java\jdk-14\bin\instrument.dll
0x00007ffcb3fc0000 - 0x00007ffcb3fe5000 	C:\Program Files\Java\jdk-14\bin\java.dll
0x00007ffcb29d0000 - 0x00007ffcb29e7000 	C:\Program Files\Java\jdk-14\bin\zip.dll

dbghelp: loaded successfully - version: 4.0.5 - missing functions: none
symbol engine: initialized successfully - sym options: 0x614 - pdb path: .;C:\Program Files\Java\jdk-14\bin;C:\WINDOWS\SYSTEM32;C:\WINDOWS\WinSxS\amd64_microsoft.windows.common-controls_6595b64144ccf1df_6.0.18362.1139_none_9e7bf2d3e4605ac6;C:\Program Files\Java\jdk-14\bin\server

VM Arguments:
jvm_args: -javaagent:C:\Program Files\JetBrains\IntelliJ IDEA 2019.3.4\lib\idea_rt.jar=65162:C:\Program Files\JetBrains\IntelliJ IDEA 2019.3.4\bin -Dfile.encoding=UTF-8 -Xmx4G -Xms4G 
java_command: Client2
java_class_path (initial): C:\Users\Alessandro\IdeaProjects\Chat\out\production\Chat
Launcher Type: SUN_STANDARD

[Global flags]
     intx CICompilerCount                          = 3                                         {product} {ergonomic}
     uint ConcGCThreads                            = 1                                         {product} {ergonomic}
     uint G1ConcRefinementThreads                  = 4                                         {product} {ergonomic}
   size_t G1HeapRegionSize                         = 2097152                                   {product} {ergonomic}
    uintx GCDrainStackTargetSize                   = 64                                        {product} {ergonomic}
   size_t InitialHeapSize                          = 4294967296                                {product} {command line}
   size_t MarkStackSize                            = 4194304                                   {product} {ergonomic}
   size_t MaxHeapSize                              = 4294967296                                {product} {command line}
   size_t MinHeapDeltaBytes                        = 2097152                                   {product} {ergonomic}
   size_t MinHeapSize                              = 4294967296                                {product} {command line}
    uintx NonNMethodCodeHeapSize                   = 5832780                                {pd product} {ergonomic}
    uintx NonProfiledCodeHeapSize                  = 122912730                              {pd product} {ergonomic}
    uintx ProfiledCodeHeapSize                     = 122912730                              {pd product} {ergonomic}
    uintx ReservedCodeCacheSize                    = 251658240                              {pd product} {ergonomic}
     bool SegmentedCodeCache                       = true                                      {product} {ergonomic}
   size_t SoftMaxHeapSize                          = 4294967296                             {manageable} {ergonomic}
     bool UseCompressedClassPointers               = true                                 {lp64_product} {ergonomic}
     bool UseCompressedOops                        = true                                 {lp64_product} {ergonomic}
     bool UseG1GC                                  = true                                      {product} {ergonomic}
     bool UseLargePagesIndividualAllocation        = false                                  {pd product} {ergonomic}

Logging:
Log output configuration:
 #0: stdout all=warning uptime,level,tags
 #1: stderr all=off uptime,level,tags

Environment Variables:
_JAVA_OPTIONS=-Xmx4G -Xms4G
PATH=C:\ProgramData\Oracle\Java\javapath;C:\Program Files\AdoptOpenJDK\jdk-11.0.6.10-hotspot\bin;C:\Program Files (x86)\Common Files\Oracle\Java\javapath;C:\WINDOWS\system32;C:\WINDOWS;C:\WINDOWS\System32\Wbem;C:\WINDOWS\System32\WindowsPowerShell\v1.0\;C:\WINDOWS\System32\OpenSSH\;C:\Program Files\NVIDIA Corporation\NVIDIA NvDLISR;F:\Putty\;C:\Program Files\Git\cmd;C:\Program Files\TortoiseSVN\bin;C:\Program Files (x86)\NVIDIA Corporation\PhysX\Common;C:\Users\Alessandro\AppData\Local\Microsoft\WindowsApps;C:\Users\Alessandro\AppData\Local\Programs\Microsoft VS Code\bin;C:\Users\Alessandro\AppData\Local\GitHubDesktop\bin
USERNAME=Alessandro
OS=Windows_NT
PROCESSOR_IDENTIFIER=Intel64 Family 6 Model 94 Stepping 3, GenuineIntel



---------------  S Y S T E M  ---------------

OS: Windows 10 , 64 bit Build 18362 (10.0.18362.1110)
OS uptime: 5 days 6:36 hours

CPU:total 4 (initial active 4) (4 cores per cpu, 1 threads per core) family 6 model 94 stepping 3, cmov, cx8, fxsr, mmx, sse, sse2, sse3, ssse3, sse4.1, sse4.2, popcnt, avx, avx2, aes, clmul, erms, rtm, 3dnowpref, lzcnt, tsc, tscinvbit, bmi1, bmi2, adx, fma

Memory: 4k page, system-wide physical 8060M (1488M free)
TotalPageFile size 31184M (AvailPageFile size 1813M)
current process WorkingSet (physical memory assigned to process): 10M, peak: 10M
current process commit charge ("private bytes"): 52M, peak: 4148M

vm_info: Java HotSpot(TM) 64-Bit Server VM (14+36-1461) for windows-amd64 JRE (14+36-1461), built on Feb  6 2020 19:08:04 by "mach5one" with MS VC++ 15.9 (VS2017)

END.
